[2026-01-10 09:00:00] Environmental Scanning Workflow Started
[2026-01-10 09:01:00] Phase 1: Archive Loading - Loaded 24 existing signals
[2026-01-10 09:02:00] Phase 1: Multi-source Scanning - 6 STEEPS categories
[2026-01-10 09:05:00] Phase 1: Web Search Completed - 100+ raw items collected
[2026-01-10 09:07:00] Phase 1: Deduplication - Filtered to 20 new signals
[2026-01-10 09:10:00] Phase 2: Signal Classification (STEEPS)
  - Social: 3
  - Technological: 7
  - Economic: 3
  - Environmental: 2
  - Political: 2
  - Spiritual: 3
[2026-01-10 09:12:00] Phase 2: Impact Analysis - 4 patterns identified
  - Physical AI Era
  - Quantum Computing Industrialization
  - Gen Z Intentional Living Revolution
  - Climate Governance Polarization
[2026-01-10 09:14:00] Phase 2: Priority Ranking
  - Critical: 3
  - High: 9
  - Medium: 8
[2026-01-10 09:16:00] Phase 3: Database Update
  - Previous total: 24 signals
  - New signals added: 20
  - Updated signals: 3
  - Current total: 44 signals
[2026-01-10 09:18:00] Phase 3: Report Generation
  - Markdown: environmental-scan-2026-01-10.md
  - DOCX: environmental-scan-2026-01-10.docx
[2026-01-10 09:19:00] Phase 3: Archive
  - Copied to: reports/archive/2026/01/
[2026-01-10 09:20:00] Environmental Scanning Workflow Completed Successfully

SUMMARY:
- Scan Date: 2026-01-10
- New Signals: 20
- Updated Signals: 3
- Total DB Signals: 44
- Top 3 Critical Signals:
  1. Boston Dynamics-DeepMind Atlas Humanoid (Score: 9.4)
  2. Bridge Recombinases Gene Editing (Score: 9.2)
  3. EPA Endangerment Finding Repeal (Score: 9.1)
- Report: environmental-scan-2026-01-10.docx
